<persistence version="2.1" xmlns="http://xmlns.jcp.org/xml/ns/persistence" xmlns:xsi="http://www.w3.org/2001/XMLSchema-instance" xsi:schemaLocation="http://xmlns.jcp.org/xml/ns/persistence http://xmlns.jcp.org/xml/ns/persistence/persistence_2_1.xsd">
    <persistence-unit name="test">
        <jta-data-source>jdbc/arquillian</jta-data-source>
        <shared-cache-mode>NONE</shared-cache-mode>
        <properties>
            <property name="eclipselink.ddl-generation" value="drop-and-create-tables"/>
            <property name="eclipselink.logging.level" value="FINER"/>            
            <property name="eclipselink.logging.level.sql" value="FINE"/>
            <property name="eclipselink.logging.parameters" value="true"/>
        </properties>
    </persistence-unit>
</persistence>